<?xml version="1.0" encoding="UTF-8"?>
<!-- Generated by org.testng.reporters.JUnitXMLReporter -->
<testsuite hostname="DESKTOP-3S3P68U" ignored="0" name="Default test" tests="3" failures="0" timestamp="2024-07-21T12:16:42 IST" time="10.12" errors="0">
  <testcase name="generateTokenGSON" time="5.675" classname="HotelBooking.CreateToken"/>
  <testcase name="generateTokenPOJO" time="2.074" classname="HotelBooking.CreateToken"/>
  <testcase name="generateTokenUsingMapper" time="1.344" classname="HotelBooking.CreateToken"/>
</testsuite> <!-- Default test -->
